[    0.000000] Initializing cgroup subsys cpuset
[    0.000000] Initializing cgroup subsys cpu
[    0.000000] Initializing cgroup subsys cpuacct
[    0.000000] Linux version 4.4.0-184-generic (buildd@lgw01-amd64-060) (gcc version 5.4.0 20160609 (Ubuntu 5.4.0-6ubuntu1~16.04.12) ) #214-Ubuntu SMP Thu Jun 4 10:14:11 UTC 2020 (Ubuntu 4.4.0-184.214-generic 4.4.223)
[    0.000000] Command line: BOOT_IMAGE=/boot/vmlinuz-4.4.0-184-generic root=LABEL=cloudimg-rootfs ro console=tty1 console=ttyS0
[    0.000000] KERNEL supported cpus:
[    0.000000]   Intel GenuineIntel
[    0.000000]   AMD AuthenticAMD
[    0.000000]   Centaur CentaurHauls
[    0.000000] x86/fpu: xstate_offset[2]:  576, xstate_sizes[2]:  256
[    0.000000] x86/fpu: Supporting XSAVE feature 0x01: 'x87 floating point registers'
[    0.000000] x86/fpu: Supporting XSAVE feature 0x02: 'SSE registers'
[    0.000000] x86/fpu: Supporting XSAVE feature 0x04: 'AVX registers'
[    0.000000] x86/fpu: Enabled xstate features 0x7, context size is 832 bytes, using 'standard' format.
[    0.000000] e820: BIOS-provided physical RAM map:
[    0.000000] BIOS-e820: [mem 0x0000000000000000-0x000000000009fbff] usable
[    0.000000] BIOS-e820: [mem 0x000000000009fc00-0x000000000009ffff] reserved
[    0.000000] BIOS-e820: [mem 0x00000000000f0000-0x00000000000fffff] reserved
[    0.000000] BIOS-e820: [mem 0x0000000000100000-0x000000003ffeffff] usable
[    0.000000] BIOS-e820: [mem 0x000000003fff0000-0x000000003fffffff] ACPI data
[    0.000000] BIOS-e820: [mem 0x00000000fec00000-0x00000000fec00fff] reserved
[    0.000000] BIOS-e820: [mem 0x00000000fee00000-0x00000000fee00fff] reserved
[    0.000000] BIOS-e820: [mem 0x00000000fffc0000-0x00000000ffffffff] reserved
[    0.000000] NX (Execute Disable) protection: active
[    0.000000] SMBIOS 2.5 present.
[    0.000000] Hypervisor detected: KVM
[    0.000000] e820: last_pfn = 0x3fff0 max_arch_pfn = 0x400000000
[    0.000000] MTRR: Disabled
[    0.000000] x86/PAT: MTRRs disabled, skipping PAT initialization too.
[    0.000000] CPU MTRRs all blank - virtualized system.
[    0.000000] x86/PAT: Configuration [0-7]: WB  WT  UC- UC  WB  WT  UC- UC  
[    0.000000] found SMP MP-table at [mem 0x0009fff0-0x0009ffff] mapped at [ffff88000009fff0]
[    0.000000] Scanning 1 areas for low memory corruption
[    0.000000] RAMDISK: [mem 0x362e0000-0x37167fff]
[    0.000000] ACPI: Early table checksum verification disabled
[    0.000000] ACPI: RSDP 0x00000000000E0000 000024 (v02 VBOX  )
[    0.000000] ACPI: XSDT 0x000000003FFF0030 00003C (v01 VBOX   VBOXXSDT 00000001 ASL  00000061)
[    0.000000] ACPI: FACP 0x000000003FFF00F0 0000F4 (v04 VBOX   VBOXFACP 00000001 ASL  00000061)
[    0.000000] ACPI: DSDT 0x000000003FFF0470 002325 (v02 VBOX   VBOXBIOS 00000002 INTL 20100528)
[    0.000000] ACPI: FACS 0x000000003FFF0200 000040
[    0.000000] ACPI: FACS 0x000000003FFF0200 000040
[    0.000000] ACPI: APIC 0x000000003FFF0240 000054 (v02 VBOX   VBOXAPIC 00000001 ASL  00000061)
[    0.000000] ACPI: SSDT 0x000000003FFF02A0 0001CC (v01 VBOX   VBOXCPUT 00000002 INTL 20100528)
[    0.000000] No NUMA configuration found
[    0.000000] Faking a node at [mem 0x0000000000000000-0x000000003ffeffff]
[    0.000000] NODE_DATA(0) allocated [mem 0x3ffeb000-0x3ffeffff]
[    0.000000] kvm-clock: Using msrs 4b564d01 and 4b564d00
[    0.000000] kvm-clock: cpu 0, msr 0:3ffe3001, primary cpu clock
[    0.000000] kvm-clock: using sched offset of 5249627605 cycles
[    0.000000] clocksource: kvm-clock: mask: 0xffffffffffffffff max_cycles: 0x1cd42e4dffb, max_idle_ns: 881590591483 ns
[    0.000000] Zone ranges:
[    0.000000]   DMA      [mem 0x0000000000001000-0x0000000000ffffff]
[    0.000000]   DMA32    [mem 0x0000000001000000-0x000000003ffeffff]
[    0.000000]   Normal   empty
[    0.000000]   Device   empty
[    0.000000] Movable zone start for each node
[    0.000000] Early memory node ranges
[    0.000000]   node   0: [mem 0x0000000000001000-0x000000000009efff]
[    0.000000]   node   0: [mem 0x0000000000100000-0x000000003ffeffff]
[    0.000000] Initmem setup node 0 [mem 0x0000000000001000-0x000000003ffeffff]
[    0.000000] ACPI: PM-Timer IO Port: 0x4008
[    0.000000] IOAPIC[0]: apic_id 1, version 32, address 0xfec00000, GSI 0-23
[    0.000000] ACPI: INT_SRC_OVR (bus 0 bus_irq 0 global_irq 2 dfl dfl)
[    0.000000] ACPI: INT_SRC_OVR (bus 0 bus_irq 9 global_irq 9 low level)
[    0.000000] Using ACPI (MADT) for SMP configuration information
[    0.000000] smpboot: Allowing 1 CPUs, 0 hotplug CPUs
[    0.000000] PM: Registered nosave memory: [mem 0x00000000-0x00000fff]
[    0.000000] PM: Registered nosave memory: [mem 0x0009f000-0x0009ffff]
[    0.000000] PM: Registered nosave memory: [mem 0x000a0000-0x000effff]
[    0.000000] PM: Registered nosave memory: [mem 0x000f0000-0x000fffff]
[    0.000000] e820: [mem 0x40000000-0xfebfffff] available for PCI devices
[    0.000000] Booting paravirtualized kernel on KVM
[    0.000000] clocksource: refined-jiffies: mask: 0xffffffff max_cycles: 0xffffffff, max_idle_ns: 7645519600211568 ns
[    0.000000] setup_percpu: NR_CPUS:512 nr_cpumask_bits:512 nr_cpu_ids:1 nr_node_ids:1
[    0.000000] PERCPU: Embedded 33 pages/cpu @ffff88003fc00000 s95448 r8192 d31528 u2097152
[    0.000000] Built 1 zonelists in Node order, mobility grouping on.  Total pages: 257912
[    0.000000] Policy zone: DMA32
[    0.000000] Kernel command line: BOOT_IMAGE=/boot/vmlinuz-4.4.0-184-generic root=LABEL=cloudimg-rootfs ro console=tty1 console=ttyS0
[    0.000000] PID hash table entries: 4096 (order: 3, 32768 bytes)
[    0.000000] Memory: 997800K/1048120K available (8632K kernel code, 1336K rwdata, 4036K rodata, 1492K init, 1292K bss, 50320K reserved, 0K cma-reserved)
[    0.000000] SLUB: HWalign=64, Order=0-3, MinObjects=0, CPUs=1, Nodes=1
[    0.000000] Kernel/User page tables isolation: enabled
[    0.000000] Hierarchical RCU implementation.
[    0.000000] 	Build-time adjustment of leaf fanout to 64.
[    0.000000] 	RCU restricting CPUs from NR_CPUS=512 to nr_cpu_ids=1.
[    0.000000] RCU: Adjusting geometry for rcu_fanout_leaf=64, nr_cpu_ids=1
[    0.000000] NR_IRQS:33024 nr_irqs:256 16
[    0.000000] Console: colour VGA+ 80x25
[    0.000000] console [tty1] enabled
[    0.000000] console [ttyS0] enabled
[    0.000000] tsc: Detected 1799.999 MHz processor
[    0.242890] Calibrating delay loop (skipped) preset value.. 3599.99 BogoMIPS (lpj=7199996)
[    0.245462] pid_max: default: 32768 minimum: 301
[    0.246877] ACPI: Core revision 20150930
[    0.249000] ACPI: 2 ACPI AML tables successfully acquired and loaded
[    0.250974] Security Framework initialized
[    0.252661] Yama: becoming mindful.
[    0.254195] AppArmor: AppArmor initialized
[    0.255883] Dentry cache hash table entries: 131072 (order: 8, 1048576 bytes)
[    0.260463] Inode-cache hash table entries: 65536 (order: 7, 524288 bytes)
[    0.263133] Mount-cache hash table entries: 2048 (order: 2, 16384 bytes)
[    0.265556] Mountpoint-cache hash table entries: 2048 (order: 2, 16384 bytes)
[    0.272294] Initializing cgroup subsys io
[    0.273554] Initializing cgroup subsys memory
[    0.274922] Initializing cgroup subsys devices
[    0.276300] Initializing cgroup subsys freezer
[    0.277662] Initializing cgroup subsys net_cls
[    0.278978] Initializing cgroup subsys perf_event
[    0.280350] Initializing cgroup subsys net_prio
[    0.281728] Initializing cgroup subsys hugetlb
[    0.283053] Initializing cgroup subsys pids
[    0.292527] mce: CPU supports 0 MCE banks
[    0.293908] process: using mwait in idle threads
[    0.296527] Last level iTLB entries: 4KB 64, 2MB 8, 4MB 8
[    0.298565] Last level dTLB entries: 4KB 64, 2MB 0, 4MB 0, 1GB 4
[    0.300770] Spectre V1 : Mitigation: usercopy/swapgs barriers and __user pointer sanitization
[    0.304030] Spectre V2 : Mitigation: Full generic retpoline
[    0.305889] Spectre V2 : Spectre v2 / SpectreRSB mitigation: Filling RSB on context switch
[    0.308760] Speculative Store Bypass: Vulnerable
[    0.310619] SRBDS: Unknown: Dependent on hypervisor status
[    0.312258] MDS: Mitigation: Clear CPU buffers
[    0.343275] Freeing SMP alternatives memory: 36K
[    0.352822] ftrace: allocating 32319 entries in 127 pages
[    0.431124] smpboot: APIC(0) Converting physical 0 to logical package 0
[    0.433679] smpboot: Max logical packages: 1
[    0.435661] x2apic enabled
[    0.436861] Switched APIC routing to physical x2apic.
[    0.439585] ..TIMER: vector=0x30 apic1=0 pin1=2 apic2=-1 pin2=-1
[    0.549481] smpboot: CPU0: Intel(R) Core(TM) i5-5350U CPU @ 1.80GHz (family: 0x6, model: 0x3d, stepping: 0x4)
[    0.553068] Performance Events: unsupported p6 CPU model 61 no PMU driver, software events only.
[    0.569903] KVM setup paravirtual spinlock
[    0.577939] x86: Booted up 1 node, 1 CPUs
[    0.579183] smpboot: Total of 1 processors activated (3599.99 BogoMIPS)
[    0.581345] devtmpfs: initialized
[    0.583697] evm: security.selinux
[    0.584990] evm: security.SMACK64
[    0.586883] evm: security.SMACK64EXEC
[    0.588335] evm: security.SMACK64TRANSMUTE
[    0.590052] evm: security.SMACK64MMAP
[    0.591493] evm: security.ima
[    0.592706] evm: security.capability
[    0.594343] clocksource: jiffies: mask: 0xffffffff max_cycles: 0xffffffff, max_idle_ns: 7645041785100000 ns
[    0.597816] futex hash table entries: 256 (order: 2, 16384 bytes)
[    0.599709] pinctrl core: initialized pinctrl subsystem
[    0.601593] RTC time: 10:13:44, date: 07/13/20
[    0.603076] NET: Registered protocol family 16
[    0.604530] cpuidle: using governor ladder
[    0.605791] cpuidle: using governor menu
[    0.607072] PCCT header not found.
[    0.608221] ACPI: bus type PCI registered
[    0.609531] acpiphp: ACPI Hot Plug PCI Controller Driver version: 0.5
[    0.611820] PCI: Using configuration type 1 for base access
[    0.614935] ACPI: Added _OSI(Module Device)
[    0.616247] ACPI: Added _OSI(Processor Device)
[    0.617711] ACPI: Added _OSI(3.0 _SCP Extensions)
[    0.619793] ACPI: Added _OSI(Processor Aggregator Device)
[    0.622668] ACPI: Executed 1 blocks of module-level executable AML code
[    0.627287] ACPI: Interpreter enabled
[    0.628746] ACPI: (supports S0 S5)
[    0.630185] ACPI: Using IOAPIC for interrupt routing
[    0.631859] PCI: Using host bridge windows from ACPI; if necessary, use "pci=nocrs" and report a bug
[    0.639534] ACPI: PCI Root Bridge [PCI0] (domain 0000 [bus 00-ff])
[    0.641936] acpi PNP0A03:00: _OSC: OS supports [ASPM ClockPM Segments MSI]
[    0.644551] acpi PNP0A03:00: _OSC: not requesting OS control; OS requires [ExtendedConfig ASPM ClockPM MSI]
[    0.647413] acpi PNP0A03:00: fail to add MMCONFIG information, can't access extended PCI configuration space under this bridge.
[    0.651316] PCI host bridge to bus 0000:00
[    0.653206] pci_bus 0000:00: root bus resource [io  0x0000-0x0cf7 window]
[    0.655705] pci_bus 0000:00: root bus resource [io  0x0d00-0xffff window]
[    0.657922] pci_bus 0000:00: root bus resource [mem 0x000a0000-0x000bffff window]
[    0.660904] pci_bus 0000:00: root bus resource [mem 0x40000000-0xfdffffff window]
[    0.664061] pci_bus 0000:00: root bus resource [bus 00-ff]
[    0.669432] pci 0000:00:01.1: legacy IDE quirk: reg 0x10: [io  0x01f0-0x01f7]
[    0.672006] pci 0000:00:01.1: legacy IDE quirk: reg 0x14: [io  0x03f6]
[    0.674195] pci 0000:00:01.1: legacy IDE quirk: reg 0x18: [io  0x0170-0x0177]
[    0.679374] pci 0000:00:01.1: legacy IDE quirk: reg 0x1c: [io  0x0376]
[    0.714722] pci 0000:00:07.0: quirk: [io  0x4000-0x403f] claimed by PIIX4 ACPI
[    0.717573] pci 0000:00:07.0: quirk: [io  0x4100-0x410f] claimed by PIIX4 SMB
[    0.734832] ACPI: PCI Interrupt Link [LNKA] (IRQs 5 9 10 *11)
[    0.737682] ACPI: PCI Interrupt Link [LNKB] (IRQs 5 9 *10 11)
[    0.740483] ACPI: PCI Interrupt Link [LNKC] (IRQs 5 *9 10 11)
[    0.743289] ACPI: PCI Interrupt Link [LNKD] (IRQs 5 9 10 *11)
[    0.746049] ACPI: Enabled 2 GPEs in block 00 to 07
[    0.747998] vgaarb: setting as boot device: PCI:0000:00:02.0
[    0.749634] vgaarb: device added: PCI:0000:00:02.0,decodes=io+mem,owns=io+mem,locks=none
[    0.752336] vgaarb: loaded
[    0.753249] vgaarb: bridge control possible 0000:00:02.0
[    0.755084] SCSI subsystem initialized
[    0.756403] ACPI: bus type USB registered
[    0.758107] usbcore: registered new interface driver usbfs
[    0.759723] usbcore: registered new interface driver hub
[    0.761273] usbcore: registered new device driver usb
[    0.763505] PCI: Using ACPI for IRQ routing
[    0.765664] NetLabel: Initializing
[    0.767065] NetLabel:  domain hash size = 128
[    0.768945] NetLabel:  protocols = UNLABELED CIPSOv4
[    0.770889] NetLabel:  unlabeled traffic allowed by default
[    0.773603] amd_nb: Cannot enumerate AMD northbridges
[    0.779971] clocksource: Switched to clocksource kvm-clock
[    0.794148] AppArmor: AppArmor Filesystem Enabled
[    0.796451] pnp: PnP ACPI init
[    0.800106] pnp: PnP ACPI: found 3 devices
[    0.811391] clocksource: acpi_pm: mask: 0xffffff max_cycles: 0xffffff, max_idle_ns: 2085701024 ns
[    0.818016] NET: Registered protocol family 2
[    0.823288] TCP established hash table entries: 8192 (order: 4, 65536 bytes)
[    0.828441] TCP bind hash table entries: 8192 (order: 5, 131072 bytes)
[    0.832666] TCP: Hash tables configured (established 8192 bind 8192)
[    0.837536] UDP hash table entries: 512 (order: 2, 16384 bytes)
[    0.840946] UDP-Lite hash table entries: 512 (order: 2, 16384 bytes)
[    0.846015] NET: Registered protocol family 1
[    0.849398] pci 0000:00:00.0: Limiting direct PCI/PCI transfers
[    0.853957] pci 0000:00:01.0: Activating ISA DMA hang workarounds
[    0.858124] Unpacking initramfs...
[    1.181744] Freeing initrd memory: 14880K
[    1.183522] RAPL PMU detected, API unit is 2^-32 Joules, 4 fixed counters 10737418240 ms ovfl timer
[    1.187488] hw unit of domain pp0-core 2^-0 Joules
[    1.190068] hw unit of domain package 2^-0 Joules
[    1.199797] hw unit of domain dram 2^-0 Joules
[    1.201306] hw unit of domain pp1-gpu 2^-0 Joules
[    1.203130] clocksource: tsc: mask: 0xffffffffffffffff max_cycles: 0x19f228ab7a2, max_idle_ns: 440795289252 ns
[    1.207017] platform rtc_cmos: registered platform RTC device (no PNP device found)
[    1.210112] Scanning for low memory corruption every 60 seconds
[    1.214349] audit: initializing netlink subsys (disabled)
[    1.216431] audit: type=2000 audit(1594635232.228:1): initialized
[    1.219413] Initialise system trusted keyring
[    1.221539] HugeTLB registered 2 MB page size, pre-allocated 0 pages
[    1.225249] zbud: loaded
[    1.226654] VFS: Disk quotas dquot_6.6.0
[    1.228433] VFS: Dquot-cache hash table entries: 512 (order 0, 4096 bytes)
[    1.231176] squashfs: version 4.0 (2009/01/31) Phillip Lougher
[    1.233687] fuse init (API version 7.23)
[    1.235282] Key type big_key registered
[    1.236956] Allocating IMA MOK and blacklist keyrings.
[    1.239151] Key type asymmetric registered
[    1.240816] Asymmetric key parser 'x509' registered
[    1.242822] Block layer SCSI generic (bsg) driver version 0.4 loaded (major 249)
[    1.245779] io scheduler noop registered
[    1.247337] io scheduler deadline registered (default)
[    1.249267] io scheduler cfq registered
[    1.250544] pci_hotplug: PCI Hot Plug PCI Core version: 0.5
[    1.252397] pciehp: PCI Express Hot Plug Controller Driver version: 0.4
[    1.254669] ACPI: AC Adapter [AC] (on-line)
[    1.256408] input: Power Button as /devices/LNXSYSTM:00/LNXPWRBN:00/input/input0
[    1.258725] ACPI: Power Button [PWRF]
[    1.259949] input: Sleep Button as /devices/LNXSYSTM:00/LNXSLPBN:00/input/input1
[    1.262368] ACPI: Sleep Button [SLPF]
[    1.265078] ACPI: Battery Slot [BAT0] (battery present)
[    1.267321] GHES: HEST is not enabled!
[    1.268908] Serial: 8250/16550 driver, 32 ports, IRQ sharing enabled
[    1.291514] 00:02: ttyS0 at I/O 0x3f8 (irq = 4, base_baud = 115200) is a 16550A
[    1.301531] Linux agpgart interface v0.103
[    1.304385] loop: module loaded
[    1.306248] scsi host0: ata_piix
[    1.307679] scsi host1: ata_piix
[    1.309417] ata1: PATA max UDMA/33 cmd 0x1f0 ctl 0x3f6 bmdma 0xd000 irq 14
[    1.312064] ata2: PATA max UDMA/33 cmd 0x170 ctl 0x376 bmdma 0xd008 irq 15
[    1.315577] libphy: Fixed MDIO Bus: probed
[    1.316894] tun: Universal TUN/TAP device driver, 1.6
[    1.318536] tun: (C) 1999-2004 Max Krasnyansky <maxk@qualcomm.com>
[    1.320885] PPP generic driver version 2.4.2
[    1.322249] ehci_hcd: USB 2.0 'Enhanced' Host Controller (EHCI) Driver
[    1.324070] ehci-pci: EHCI PCI platform driver
[    1.325820] ehci-platform: EHCI generic platform driver
[    1.327797] ohci_hcd: USB 1.1 'Open' Host Controller (OHCI) Driver
[    1.330111] ohci-pci: OHCI PCI platform driver
[    1.331961] ohci-platform: OHCI generic platform driver
[    1.333978] uhci_hcd: USB Universal Host Controller Interface driver
[    1.336235] i8042: PNP: PS/2 Controller [PNP0303:PS2K,PNP0f03:PS2M] at 0x60,0x64 irq 1,12
[    1.339325] serio: i8042 KBD port at 0x60,0x64 irq 1
[    1.340810] serio: i8042 AUX port at 0x60,0x64 irq 12
[    1.342438] mousedev: PS/2 mouse device common for all mice
[    1.344517] input: AT Translated Set 2 keyboard as /devices/platform/i8042/serio0/input/input2
[    1.347925] rtc_cmos rtc_cmos: rtc core: registered rtc_cmos as rtc0
[    1.349904] rtc_cmos rtc_cmos: alarms up to one day, 114 bytes nvram
[    1.352313] i2c /dev entries driver
[    1.353621] device-mapper: uevent: version 1.0.3
[    1.355103] device-mapper: ioctl: 4.34.0-ioctl (2015-10-28) initialised: dm-devel@redhat.com
[    1.357963] ledtrig-cpu: registered to indicate activity on CPUs
[    1.359962] NET: Registered protocol family 10
[    1.361512] NET: Registered protocol family 17
[    1.362871] Key type dns_resolver registered
[    1.364473] registered taskstats version 1
[    1.365884] Loading compiled-in X.509 certificates
[    1.368201] Loaded X.509 cert 'Build time autogenerated kernel key: b6ae09eed57f82583ccd3c65c463e852cdd7a0b5'
[    1.371205] zswap: loaded using pool lzo/zbud
[    1.374068] Key type trusted registered
[    1.378438] Key type encrypted registered
[    1.380111] AppArmor: AppArmor sha1 policy hashing enabled
[    1.382550] ima: No TPM chip found, activating TPM-bypass!
[    1.384822] ima: Allocated hash algorithm: sha1
[    1.387599] evm: HMAC attrs: 0x1
[    1.389139]   Magic number: 12:210:224
[    1.390372] rtc_cmos rtc_cmos: setting system clock to 2020-07-13 10:13:45 UTC (1594635225)
[    1.392939] BIOS EDD facility v0.16 2004-Jun-25, 0 devices found
[    1.394626] EDD information not available.
[    1.493602] Freeing unused kernel memory: 1492K
[    1.495374] Write protecting the kernel read-only data: 14336k
[    1.497832] Freeing unused kernel memory: 1596K
[    1.500030] Freeing unused kernel memory: 60K
Loading, please wait...
starting version 229
[    1.521175] random: udevadm: uninitialized urandom read (16 bytes read, 3 bits of entropy available)
[    1.523839] random: udevadm: uninitialized urandom read (16 bytes read, 3 bits of entropy available)
[    1.527137] random: systemd-udevd: uninitialized urandom read (16 bytes read, 3 bits of entropy available)
[    1.531065] random: systemd-udevd: uninitialized urandom read (16 bytes read, 3 bits of entropy available)
[    1.534950] random: systemd-udevd: uninitialized urandom read (16 bytes read, 3 bits of entropy available)
[    1.544083] random: systemd-udevd: uninitialized urandom read (16 bytes read, 3 bits of entropy available)
[    1.550955] random: systemd-udevd: uninitialized urandom read (16 bytes read, 3 bits of entropy available)
[    1.556445] random: udevadm: uninitialized urandom read (16 bytes read, 3 bits of entropy available)
[    1.560258] random: systemd-udevd: uninitialized urandom read (16 bytes read, 3 bits of entropy available)
[    1.564374] random: udevadm: uninitialized urandom read (16 bytes read, 3 bits of entropy available)
[    1.648007] e1000: Intel(R) PRO/1000 Network Driver - version 7.3.21-k8-NAPI
[    1.650035] e1000: Copyright (c) 1999-2006 Intel Corporation.
[    1.657721] Fusion MPT base driver 3.04.20
[    1.659001] Copyright (c) 1999-2008 LSI Corporation
[    1.680388] Fusion MPT SPI Host driver 3.04.20
[    1.718329] AVX2 version of gcm_enc/dec engaged.
[    1.720219] AES CTR mode by8 optimization enabled
[    1.869859] input: ImExPS/2 Generic Explorer Mouse as /devices/platform/i8042/serio1/input/input4
[    2.191873] e1000 0000:00:03.0 eth0: (PCI:33MHz:32-bit) 02:77:d4:b5:f5:52
[    2.194148] e1000 0000:00:03.0 eth0: Intel(R) PRO/1000 Network Connection
[    2.196699] mptbase: ioc0: Initiating bringup
[    2.261400] ioc0: LSI53C1030 A0: Capabilities={Initiator}
[    2.426994] scsi host2: ioc0: LSI53C1030 A0, FwRev=00000000h, Ports=1, MaxQ=256, IRQ=20
[    2.543516] scsi 2:0:0:0: Direct-Access     VBOX     HARDDISK         1.0  PQ: 0 ANSI: 5
[    2.547437] scsi target2:0:0: Beginning Domain Validation
[    2.551658] scsi target2:0:0: Domain Validation skipping write tests
[    2.554174] scsi target2:0:0: Ending Domain Validation
[    2.556184] scsi target2:0:0: asynchronous
[    2.558833] scsi 2:0:1:0: Direct-Access     VBOX     HARDDISK         1.0  PQ: 0 ANSI: 5
[    2.577674] scsi target2:0:1: Beginning Domain Validation
[    2.621241] scsi target2:0:1: Domain Validation skipping write tests
[    2.623622] scsi target2:0:1: Ending Domain Validation
[    2.635798] scsi target2:0:1: asynchronous
[    2.785994] sd 2:0:0:0: Attached scsi generic sg0 type 0
[    2.788073] sd 2:0:0:0: [sda] 20971520 512-byte logical blocks: (10.7 GB/10.0 GiB)
[    2.790939] sd 2:0:1:0: [sdb] 20480 512-byte logical blocks: (10.5 MB/10.0 MiB)
[    2.793230] sd 2:0:1:0: Attached scsi generic sg1 type 0
[    2.794784] sd 2:0:1:0: [sdb] Write Protect is off
[    2.796485] sd 2:0:0:0: [sda] Write Protect is off
[    2.798190] sd 2:0:1:0: [sdb] Incomplete mode parameter data
[    2.800063] sd 2:0:1:0: [sdb] Assuming drive cache: write through
[    2.808020] sd 2:0:0:0: [sda] Incomplete mode parameter data
[    2.810122] sd 2:0:0:0: [sda] Assuming drive cache: write through
[    2.825164] sd 2:0:1:0: [sdb] Attached SCSI disk
[    2.827551]  sda: sda1
[    2.829616] sd 2:0:0:0: [sda] Attached SCSI disk
[    3.031115] e1000 0000:00:08.0 eth1: (PCI:33MHz:32-bit) 08:00:27:04:7a:8b
[    3.033967] e1000 0000:00:08.0 eth1: Intel(R) PRO/1000 Network Connection
[    3.037827] e1000 0000:00:08.0 enp0s8: renamed from eth1
[    3.041652] e1000 0000:00:03.0 enp0s3: renamed from eth0
Begin: Loading essential drivers ... [    4.420577] md: linear personality registered for level -1
[    4.427089] md: multipath personality registered for level -4
[    4.431917] md: raid0 personality registered for level 0
[    4.437970] md: raid1 personality registered for level 1
[    4.512009] raid6: sse2x1   gen()  8020 MB/s
[    4.581220] raid6: sse2x1   xor()  6700 MB/s
[    4.648012] raid6: sse2x2   gen() 10574 MB/s
[    4.716104] raid6: sse2x2   xor()  7187 MB/s
[    4.784797] raid6: sse2x4   gen() 13007 MB/s
[    4.852370] raid6: sse2x4   xor()  8428 MB/s
[    4.920114] raid6: avx2x1   gen() 16708 MB/s
[    4.990146] raid6: avx2x2   gen() 20075 MB/s
[    5.060112] raid6: avx2x4   gen() 20835 MB/s
[    5.061705] raid6: using algorithm avx2x4 gen() 20835 MB/s
[    5.063443] raid6: using avx2x2 recovery algorithm
[    5.067528] xor: automatically using best checksumming function:
[    5.108073]    avx       : 22740.000 MB/sec
[    5.111872] async_tx: api initialized (async)
[    5.135003] md: raid6 personality registered for level 6
[    5.137194] md: raid5 personality registered for level 5
[    5.142743] md: raid4 personality registered for level 4
[    5.158497] md: raid10 personality registered for level 10
done.
Begin: Running /scripts/init-premount ... done.
Begin: Mounting root file system ... Begin: Running /scripts/local-top ... done.
Begin: Running /scripts/local-premount ... [    5.203683] Btrfs loaded
Scanning for Btrfs filesystems
done.
Warning: fsck not present, so skipping root file system
[    5.257584] EXT4-fs (sda1): mounted filesystem with ordered data mode. Opts: (null)
done.
Begin: Running /scripts/local-bottom ... done.
Begin: Running /scripts/init-bottom ... done.
[    5.471176] systemd[1]: systemd 229 running in system mode. (+PAM +AUDIT +SELINUX +IMA +APPARMOR +SMACK +SYSVINIT +UTMP +LIBCRYPTSETUP +GCRYPT +GNUTLS +ACL +XZ -LZ4 +SECCOMP +BLKID +ELFUTILS +KMOD -IDN)
[    5.487386] systemd[1]: Detected virtualization oracle.
[    5.491647] systemd[1]: Detected architecture x86-64.

Welcome to [1mUbuntu 16.04.6 LTS[0m!

[    5.506256] systemd[1]: Set hostname to <ubuntu>.
[    5.527298] systemd[1]: Initializing machine ID from random generator.
[    5.532030] systemd[1]: Installed transient /etc/machine-id file.
[    5.838335] systemd[1]: Started Forward Password Requests to Wall Directory Watch.
[[0;32m  OK  [0m] Started Forward Password Requests to Wall Directory Watch.
[    5.843915] systemd[1]: Started Trigger resolvconf update for networkd DNS.
[[0;32m  OK  [0m] Started Trigger resolvconf update for networkd DNS.
[    5.848656] systemd[1]: Set up automount Arbitrary Executable File Formats File System Automount Point.
[[0;32m  OK  [0m] Set up automount Arbitrary Executab...ats File System Automount Point.
[    5.855451] systemd[1]: Listening on Journal Socket.
[[0;32m  OK  [0m] Listening on Journal Socket.
[    5.858537] systemd[1]: Listening on /dev/initctl Compatibility Named Pipe.
[[0;32m  OK  [0m] Listening on /dev/initctl Compatibility Named Pipe.
[    5.863542] systemd[1]: Reached target System Time Synchronized.
[[0;32m  OK  [0m] Reached target System Time Synchronized.
[    5.869092] systemd[1]: Listening on Journal Socket (/dev/log).
[[0;32m  OK  [0m] Listening on Journal Socket (/dev/log).
[    5.873564] systemd[1]: Reached target Encrypted Volumes.
[[0;32m  OK  [0m] Reached target Encrypted Volumes.
[    5.877830] systemd[1]: Listening on LVM2 poll daemon socket.
[[0;32m  OK  [0m] Listening on LVM2 poll daemon socket.
[    5.882899] systemd[1]: Reached target Swap.
[[0;32m  OK  [0m] Reached target Swap.
[    5.888435] systemd[1]: Listening on Journal Audit Socket.
[[0;32m  OK  [0m] Listening on Journal Audit Socket.
[    5.892604] systemd[1]: Listening on udev Control Socket.
[[0;32m  OK  [0m] Listening on udev Control Socket.
[    5.897252] systemd[1]: Listening on Syslog Socket.
[[0;32m  OK  [0m] Listening on Syslog Socket.
[    5.901856] systemd[1]: Created slice System Slice.
[[0;32m  OK  [0m] Created slice System Slice.
[    5.905885] systemd[1]: Starting Nameserver information manager...
         Starting Nameserver information manager...
[    5.921859] systemd[1]: Starting Create list of required static device nodes for the current kernel...
         Starting Create list of required st... nodes for the current kernel...
[    5.931926] systemd[1]: Mounting Debug File System...
         Mounting Debug File System...
[    5.943865] systemd[1]: Starting Load Kernel Modules...
         Starting Load Kernel Modules...
[    5.949944] systemd[1]: Starting Remount Root and Kernel File Systems...
         Starting Remount Root and Kernel File Systems...
[    5.965223] systemd[1]: Starting Uncomplicated firewall...
[    5.968632] EXT4-fs (sda1): re-mounted. Opts: (null)
         Starting Uncomplicated firewall...[    5.978357] Loading iSCSI transport class v2.0-870.

[    5.981847] systemd[1]: Mounting POSIX Message Queue File System...
         Mounting POSIX Message Queue File System...
[    5.993262] systemd[1]: Starting Journal Service...
         Starting Journal Service...
[    6.002097] systemd[1]: Created slice system-serial\x2dgetty.slice.
[    6.009851] iscsi: registered transport (tcp)
[[0;32m  OK  [0m] Created slice system-serial\x2dgetty.slice.
[    6.026333] systemd[1]: Starting Set console keymap...
         Starting Set console keymap...
[    6.039831] systemd[1]: Mounting Huge Pages File System...
         Mounting Huge Pages File System...
[    6.051007] systemd[1]: Listening on Device-mapper event daemon FIFOs.
[[0;32m  OK  [0m] Listening on Device-mapper event daemon FIFOs.
[    6.068593] systemd[1]: Listening on udev Kernel Socket.
[[0;32m  OK  [0m] Listening on udev Kernel Socket.
[    6.080341] systemd[1]: Reached target User and Group Name Lookups.
[[0;32m  OK  [0m] Reached target User and Group Name Lookups.
[    6.088396] systemd[1]: Listening on LVM2 metadata daemon socket.
[[0;32m  OK  [0m] [    6.095262] random: nonblocking pool is initialized
Listening on LVM2 metadata daemon socket.
[    6.103974] systemd[1]: Starting Monitoring of LVM2 mirrors, snapshots etc. using dmeventd or progress polling...
         Starting Monitoring of LVM2 mirrors... dmeventd or progress polling...
[    6.114998] systemd[1]: Created slice User and Session Slice.
[[0;32m  OK  [0m] Created slice User and Session Slice.
[    6.149253] systemd[1]: Reached target Slices.
[[0;32m  OK  [0m] Reached target Slices.
[    6.164992] systemd[1]: Mounted POSIX Message Queue File System.
[[0;32m  OK  [0m] Mounted POSIX Message Queue File System.
[    6.175264] systemd[1]: Mounted Debug File System.
[[0;32m  OK  [0m] Mounted Debug File System.
[    6.183669] systemd[1]: Mounted Huge Pages File System.
[[0;32m  OK  [0m] Mounted Huge Pages File System.
[    6.196530] systemd[1]: Started Journal Service.
[[0;32m  OK  [0m] Started Journal Service.
[    6.208371] iscsi: registered transport (iser)
[[0;32m  OK  [0m] Started Create list of required sta...ce nodes for the current kernel.
[[0;32m  OK  [0m] Started Load Kernel Modules.
[[0;32m  OK  [0m] Started Remount Root and Kernel File Systems.
[[0;32m  OK  [0m] Started Uncomplicated firewall.
[[0;32m  OK  [0m] Started Nameserver information manager.
[[0;32m  OK  [0m] Started LVM2 metadata daemon.
         Starting Load/Save Random Seed...
         Starting udev Coldplug all Devices...
         Starting Apply Kernel Variables...
         Mounting FUSE Control File System...
         Starting Create Static Device Nodes in /dev...
         Starting Flush Journal to Persistent Storage...
[[0;32m  OK  [0m] Mounted FUSE Control File System.
[[0;32m  OK  [0m] Started Set console keymap.
[[0;32m  OK  [0m] Started Load/Save Random Seed.
[[0;32m  OK  [0m] Started Apply Kernel Variables.
[[0;32m  OK  [0m] Started Flush Journal to Persistent Storage.
[[0;32m  OK  [0m] Started Create Static Device Nodes in /dev.
         Starting udev Kernel Device Manager...
[[0;32m  OK  [0m] Started udev Coldplug all Devices.
[[0;32m  OK  [0m] Started udev Kernel Device Manager.
[[0;32m  OK  [0m] Started Dispatch Password Requests to Console Directory Watch.
[[0;32m  OK  [0m] Started Monitoring of LVM2 mirrors,...ng dmeventd or progress polling.
[[0;32m  OK  [0m] Reached target Local File Systems (Pre).
[[0;32m  OK  [0m] Reached target Local File Systems.
         Starting Initial cloud-init job (pre-networking)...
         Starting LSB: AppArmor initialization...
         Starting Commit a transient machine-id on disk...
         Starting Set console font and keymap...
         Starting Create Volatile Files and Directories...
         Starting Tell Plymouth To Write Out Runtime Data...
[[0;32m  OK  [0m] Started Commit a transient machine-id on disk.
[[0;32m  OK  [0m] Started Tell Plymouth To Write Out Runtime Data.
[[0;32m  OK  [0m] Started Create Volatile Files and Directories.
         Starting Update UTMP about System Boot/Shutdown...
[[0;32m  OK  [0m] Started Update UTMP about System Boot/Shutdown.
[[0;32m  OK  [0m] Found device /dev/ttyS0.
[[0;32m  OK  [0m] Listening on Load/Save RF Kill Switch Status /dev/rfkill Watch.
[    9.167659] cloud-init[496]: Cloud-init v. 19.4-33-gbb4131a2-0ubuntu1~16.04.1 running 'init-local' at Mon, 13 Jul 2020 10:13:52 +0000. Up 8.36 seconds.
[[0;32m  OK  [0m] Started Initial cloud-init job (pre-networking).
[[0;32m  OK  [0m] Reached target Network (Pre).
[[0;32m  OK  [0m] Started Set console font and keymap.
[[0;32m  OK  [0m] Created slice system-getty.slice.
[[0;32m  OK  [0m] Started LSB: AppArmor initialization.
         Starting Raise network interfaces...
[[0;32m  OK  [0m] Started Raise network interfaces.
[[0;32m  OK  [0m] Reached target Network.
         Starting Initial cloud-init job (metadata service crawler)...
[   11.740320] cloud-init[953]: Cloud-init v. 19.4-33-gbb4131a2-0ubuntu1~16.04.1 running 'init' at Mon, 13 Jul 2020 10:13:54 +0000. Up 10.39 seconds.
[   11.743849] cloud-init[953]: ci-info: ++++++++++++++++++++++++++++++++++++++Net device info+++++++++++++++++++++++++++++++++++++++
[   11.752580] cloud-init[953]: ci-info: +--------+-------+----------------------------+---------------+--------+-------------------+
[   11.765248] cloud-init[953]: ci-info: | Device |   Up  |          Address           |      Mask     | Scope  |     Hw-Address    |
[   11.782416] cloud-init[953]: ci-info: +--------+-------+----------------------------+---------------+--------+-------------------+
[   11.788342] cloud-init[953]: ci-info: | enp0s3 |  True |         10.0.2.15          | 255.255.255.0 | global | 02:77:d4:b5:f5:52 |
[   11.793106] cloud-init[953]: ci-info: | enp0s3 |  True | fe80::77:d4ff:feb5:f552/64 |       .       |  link  | 02:77:d4:b5:f5:52 |
[   11.802369] cloud-init[953]: ci-info: | enp0s8 | False |             .              |       .       |   .    | 08:00:27:04:7a:8b |
[   11.813950] cloud-init[953]: ci-info: |   lo   |  True |         127.0.0.1          |   255.0.0.0   |  host  |         .         |
[   11.854418] cloud-init[953]: ci-info: |   lo   |  True |          ::1/128           |       .       |  host  |         .         |
[   11.889573] cloud-init[953]: ci-info: +--------+-------+----------------------------+---------------+--------+-------------------+
[   11.916679] cloud-init[953]: ci-info: +++++++++++++++++++++++++++Route IPv4 info++++++++++++++++++++++++++++
[   11.944471] cloud-init[953]: ci-info: +-------+-------------+----------+---------------+-----------+-------+
[   11.949171] cloud-init[953]: ci-info: | Route | Destination | Gateway  |    Genmask    | Interface | Flags |
[   11.954438] cloud-init[953]: ci-info: +-------+-------------+----------+---------------+-----------+-------+[[0;32m  OK  [0m] Started Initial cloud-init job (metadata service crawler).
[[0;32m  OK  [0m] Reached target Network is Online.
         Starting iSCSI initiator daemon (iscsid)...
[[0;32m  OK  [0m] Reached target Cloud-config availability.
[[0;32m  OK  [0m] Reached target System Initialization.
[[0;32m  OK  [0m] Listening on D-Bus System Message Bus Socket.

[   11.989496] cloud-init[953]: ci-info: |   0   |   0.0.0.0   | 10.0.2.2 |    0.0.0.0    |   enp0s3  |   UG  |
[   11.994333] cloud-init[953]: ci-info: |   1   |   10.0.2.0  | 0.0.0.0  | 255.255.255.0 |   enp0s3  |   U   |
[[0;32m  OK  [0m[   12.019021] ] Started ACPI Events Check.cloud-init[953]: ci-info: +-------+-------------+----------+---------------+-----------+-------+
[[0;32m  OK  [0m] Reached target Paths.
         Starting LXD - unix socket.
[   12.052331] cloud-init[953]: ci-info: +++++++++++++++++++Route IPv6 info+++++++++++++++++++
[[0;32m  OK  [0m] Listening on UUID daemon activation socket.
[   12.070472] 
[cloud-init[953]: ci-info: +-------+-------------+---------+-----------+-------+
[   12.076865] cloud-init[953]: ci-info: | Route | Destination | Gateway | Interface | Flags |
[   12.077307] cloud-init[953]: ci-info: +-------+-------------+---------+-----------+-------+
[0;32m  OK  [0m] Started Message of the Day.
[[0;32m  OK  [0m] Listening on ACPID Listen Socket.
         Starting Socket activation for snappy daemon.
[[0;32m  OK  [0m] Started Daily apt download activities.
[[0;32m  OK  [0m] Started Daily apt upgrade and clean activities.
[[0;32m  OK  [0m] Started Daily Cleanup of Temporary Directories.
[[0;32m  OK  [0m] Reached target Timers.
[[0;32m  OK  [0m] Listening on LXD - unix socket.
[[0;32m  OK  [0m] Listening on Socket activation for snappy daemon.
[[0;32m  OK  [0m] Reached target Sockets.
[[0;32m  OK  [0m] Reached target Basic System.
[   12.077778] cloud-init[953]: ci-info: |   0   |  fe80::/64  |    ::   |   enp0s3  |   U   |
[   12.126585] cloud-init[953]: ci-info: |   3   |   ff00::/8  |    ::   |   enp0s3  |   U   |
[   12.131615] cloud-init[953]: ci-info: +-------+-------------+---------+-----------+-------+
[   12.137317]          Starting Pollinate to seed the pseudo random number generator...
         Starting Virtualbox guest utils...
cloud-init[953]: Generating public/private rsa key pair.
[   12.147774] cloud-init[953]: Your identification has been saved in /etc/ssh/ssh_host_rsa_key.
         Starting LXD - container startup/shutdown...[   12.159710] 
[[0;32m  OK  [0m] Started ACPI event daemon.
[[0;32m  OK  [0m] Started D-Bus System Message Bus.
cloud-init[953]: Your public key has been saved in /etc/ssh/ssh_host_rsa_key.pub.
[   12.209535] cloud-init[953]: The key fingerprint is:
[   12.221237] cloud-init[953]: SHA256:OXdMmudVVphEm+8IPzoi40neScrb3cH+rcxX23qADJ4 root@ubuntu-xenial
[   12.226893] cloud-init[953]: The key's randomart image is:
[   12.233695] cloud-init[953]: +---[RSA 2048]----+
[   12.244391] cloud-init[953]: |             ooo.|
[   12.246265] cloud-init[953]: |              oo.|
[   12.257067] cloud-init[953]: |            . o o|
[   12.262431] cloud-init[953]: |         ..=   + |
[   12.270455] cloud-init[953]: |        S.++=.. .|
[   12.280567] cloud-init[953]: |         oE+o=.o.|
[   12.290057] cloud-init[953]: |        . . . *.=|
[   12.292768] cloud-init[953]: |       +o*.o.* +=|
[   12.300028] cloud-init[953]: |       .B++.o.B*o|
[   12.309787] cloud-init[953]: +----[SHA256]-----+
[[0;32m  OK  [0m] Started Deferred execution scheduler.
         Starting Login Service...
         [   12.316932] cloud-init[953]: Generating public/private dsa key pair.
Starting Accounts Service...
[[0;32m  OK  [0m] Started FUSE filesystem for LXC.
[[0;32m  OK  [0m] Started Regular background program processing daemon.
[   12.379923] cloud-init[953]: Your identification has been saved in /etc/ssh/ssh_host_dsa_key.
         [   12.483269] cloud-init[953]: Your public key has been saved in /etc/ssh/ssh_host_dsa_key.pub.
Starting LSB: MD monitoring daemon...
         Starting System Logging Service...
         Starting /etc/rc.local Compatibility...
         Starting Snappy daemon...
         Starting LSB: Record successful boot for GRUB...
[[0;32m  OK  [0m] Started iSCSI initiator daemon (iscsid).
[[0;32m  OK  [0m] Started /etc/rc.local Compatibility.
         Starting Login to default iSCSI targets...
[   12.628015] cloud-init[953]: The key fingerprint is:
[[0;32m  OK  [0m] Started Login Service.
[[0;32m  OK  [0m] Started Unattended Upgrades Shutdown.
[   12.699132] cloud-init[953]: SHA256:ALm62ZDdfxQdyvzV7F7Ah9JRRjfnPLBpR9dIkCUO760 root@ubuntu-xenial
[   12.815357] cloud-init[953]: The key's randomart image is:[[0;32m  OK  [0m] Started System Logging Service.
[[0;32m  OK  [0m] Started Login to default iSCSI targets.
[[0;32m  OK  [0m] Reached target Remote File Systems (Pre).
[[0;32m  OK  [0m] Reached target Remote File Systems.
         Starting LSB: daemon to balance interrupts for SMP systems...
         Starting LSB: Set the CPU Frequency Scaling governor to "ondemand"...
         Starting LSB: automatic crash report generation...
         Starting Permit User Sessions...
[[0;32m  OK  [0m] Started Permit User Sessions.
         Starting Hold until boot process finishes up...
         Starting Terminate Plymouth Boot Screen...
[[0;32m  OK  [0m] Started Hold until boot process finishes up.
[[0;32m  OK  [0m] Started Serial Getty on ttyS0.

[[0;32m  OK  [0m] Started Getty on tty1.[   13.040664] cloud-init[953]: +---[DSA 1024]----+
[   13.041877] cloud-init[953]: |    ..    . o*o*O|
[   13.041932] cloud-init[953]: |    ..     +o.B+*|
[   13.041972] cloud-init[953]: |     ..  o ooB Bo|
[   13.042011] cloud-init[953]: |    .  .  =.+.B =|

[[0;32m  OK  [0m] Reached target Login Prompts.
         Starting Set console scheme...
[[0;32m  OK  [0m] Started Terminate Plymouth Boot Screen.
[[0;32m  OK  [0m] Started Set console scheme.
[[0;32m  OK  [0m] Started LXD - container startup/shutdown.
[[0;32m  OK  [0m] Started LSB: MD monitoring daemon.
[   13.159432] cloud-init[953]: |   + .  S  o.o.+ |
         Starting Authenticate and Authorize Users to Run Privileged Tasks...
[[0;32m  OK  [0m] Started LSB: Record successful boot for GRUB.[   13.204274] 
cloud-init[953]: |  + . .   . ..  o|
[   13.328672] cloud-init[953]: |   =   . .  E  ..|
[[0;32m  OK  [0m] Started LSB: Set the CPU Frequency Scaling governor to "ondemand".
[   13.344649] cloud-init[953]: |  o .   . .     .|
[   13.365562] cloud-init[953]: |         .       |
[[0;32m  OK  [0m] Started Authenticate and Authorize Users to Run Privileged Tasks.[   13.388636] cloud-init[953]: +----[SHA256]-----+

[[0;32m  OK  [0m] Started LSB: daemon to balance interrupts for SMP systems.
[[0;32m  OK  [0m] Started Accounts Service.[   13.444881] cloud-init[953]: 
[[0;32m  OK  [0m] Started LSB: automatic crash report generation.
Generating public/private ecdsa key pair.
[   13.510658] cloud-init[953]: Your identification has been saved in /etc/ssh/ssh_host_ecdsa_key.
[   13.642375] cloud-init[953]: Your public key has been saved in /etc/ssh/ssh_host_ecdsa_key.pub.
[   13.720969] cloud-init[953]: The key fingerprint is:
[   13.726898] cloud-init[953]: SHA256:k3GoehWNnSp0DU9Ax6cEGQV7kPNjhKqNW/9+UmJpCx4 root@ubuntu-xenial
[   13.736527] cloud-init[953]: The key's randomart image is:
[   13.752640] cloud-init[953]: +---[ECDSA 256]---+
[[0;32m  OK  [0m] Started Virtualbox guest utils.
[   13.788430] cloud-init[953]: |       .O@+      |
[   13.805351] cloud-init[953]: |        =&+..    |
[   13.856963] cloud-init[953]: |      ..B=Oo     |
[   13.885242] cloud-init[953]: |     ..o B=      |
[   13.908321] cloud-init[953]: |     +o S. o     |
[   13.913695] cloud-init[953]: |    o.ooE.= .    |
[   13.927985] cloud-init[953]: |    .o.o = +     |
[   13.941451] cloud-init[953]: |    ..  o o .    |
[   13.957399] cloud-init[953]: |         ooo     |
[   13.978751] cloud-init[953]: +----[SHA256]-----+
[   14.007914] cloud-init[953]: Generating public/private ed25519 key pair.
[   14.032367] cloud-init[953]: Your identification has been saved in /etc/ssh/ssh_host_ed25519_key.
[   14.330114] cloud-init[953]: Your public key has been saved in /etc/ssh/ssh_host_ed25519_key.pub.
[   14.348768] cloud-init[953]: The key fingerprint is:
[   14.352528] cloud-init[953]: SHA256:GaBQ9Hni2QZLT6/K+oXlCqT0dYxiTvjvh84svXIaqKs root@ubuntu-xenial
[   14.367521] cloud-init[953]: The key's randomart image is:
[   14.382918] [[0;32m  OK  [0m] Started Snappy daemon.
cloud-init         Starting Wait until snapd is fully seeded...
[953]: +--[ED25519 256]--+
[   14.446271] cloud-init[953]: |  .oo .          |
[   14.467675] cloud-init[953]: |   . o o         |
[   14.479529] cloud-init[953]: |    . * +        |
[   14.488982] cloud-init[953]: |   . o % +       |
[   14.495727] cloud-init[953]: |  o = * S .      |
[   14.502280] cloud-init[953]: | . X o * .       |
[   14.506409] cloud-init[953]: |  o *...+        |
[   14.508972] cloud-init[953]: | .  oB++.        |
[   14.514453] cloud-init[953]: |E.  oX%o         |
[   14.521393] cloud-init[953]: +----[SHA256]-----+
[[0;32m  OK  [0m] Started Pollinate to seed the pseudo random number generator.
         Starting OpenBSD Secure Shell server...
[[0;32m  OK  [0m] Started OpenBSD Secure Shell server.
[[0;32m  OK  [0m] Created slice User Slice of vagrant.
         Starting User Manager for UID 1000...
[[0;32m  OK  [0m] Started Session 1 of user vagrant.
[[0;32m  OK  [0m] Started User Manager for UID 1000.

Ubuntu 16.04.6 LTS ubuntu-xenial ttyS0

ubuntu-xenial login: [   20.185404] cloud-init[1503]: Generating locales (this might take a while)...
[   21.767629] cloud-init[1503]:   en_US.UTF-8... done
[   21.779330] cloud-init[1503]: Generation complete.
[   22.454400] cloud-init[1503]: Cloud-init v. 19.4-33-gbb4131a2-0ubuntu1~16.04.1 running 'modules:config' at Mon, 13 Jul 2020 10:14:04 +0000. Up 19.94 seconds.
ci-info: no authorized SSH keys fingerprints found for user ubuntu.
<14>Jul 13 10:14:07 ec2: 
<14>Jul 13 10:14:07 ec2: #############################################################
<14>Jul 13 10:14:07 ec2: -----BEGIN SSH HOST KEY FINGERPRINTS-----
<14>Jul 13 10:14:07 ec2: 1024 SHA256:ALm62ZDdfxQdyvzV7F7Ah9JRRjfnPLBpR9dIkCUO760 root@ubuntu-xenial (DSA)
<14>Jul 13 10:14:07 ec2: 256 SHA256:k3GoehWNnSp0DU9Ax6cEGQV7kPNjhKqNW/9+UmJpCx4 root@ubuntu-xenial (ECDSA)
<14>Jul 13 10:14:07 ec2: 256 SHA256:GaBQ9Hni2QZLT6/K+oXlCqT0dYxiTvjvh84svXIaqKs root@ubuntu-xenial (ED25519)
<14>Jul 13 10:14:07 ec2: 2048 SHA256:OXdMmudVVphEm+8IPzoi40neScrb3cH+rcxX23qADJ4 root@ubuntu-xenial (RSA)
<14>Jul 13 10:14:07 ec2: -----END SSH HOST KEY FINGERPRINTS-----
<14>Jul 13 10:14:07 ec2: #############################################################
-----BEGIN SSH HOST KEY KEYS-----
ecdsa-sha2-nistp256 AAAAE2VjZHNhLXNoYTItbmlzdHAyNTYAAAAIbmlzdHAyNTYAAABBBGgzfxYcTQqA0eqix3fl0z+Ux0HepguKLVc7Aguz7u35rGW/YWgdhihcoArGi4rx3g5zDEC/t8QpAzeWu3K3brQ= root@ubuntu-xenial
ssh-ed25519 AAAAC3NzaC1lZDI1NTE5AAAAIMhO+JNkY1on8eX/4wVpJ/Pknnab07Ij7xz+vdEj5YgL root@ubuntu-xenial
ssh-rsa AAAAB3NzaC1yc2EAAAADAQABAAABAQC92IwIVhd1vfMnkyN/1hcqlH8Kq3Z/RwjZKQWGbn+yQiQDzGNbh6kiOi0Y8SDxCfY6igqgiJKXp1RqjOl6cX21vuf5emV4aUT/ZucJdmRN0h0ojXiTA0f4/CaP0j3Y36g/2MVxNQBqAHoMkqhA3moUt/o4AzwTdSzkfKbW7Qnjty5PJW90/5nVMcUtFlTO1sl7/1BDWw2CbXLiIDIis2x3J7DBUPmxd1r0vjnSL3mekyfYu5znekFwQ1FuCtu+IoaU1H1pUkgrbPA2mAlRG8xu9DlhLmfp0flxXtCzr9TE0HtedPY7d6f1XVlj3/3kDjbiaBom3sqFm1GVcxPlnJa5 root@ubuntu-xenial
-----END SSH HOST KEY KEYS-----
[   23.600626] cloud-init[1936]: Cloud-init v. 19.4-33-gbb4131a2-0ubuntu1~16.04.1 running 'modules:final' at Mon, 13 Jul 2020 10:14:07 +0000. Up 23.23 seconds.
[   23.609130] cloud-init[1936]: ci-info: no authorized SSH keys fingerprints found for user ubuntu.
[   23.623418] cloud-init[1936]: Cloud-init v. 19.4-33-gbb4131a2-0ubuntu1~16.04.1 finished at Mon, 13 Jul 2020 10:14:07 +0000. Datasource DataSourceNoCloud [seed=/dev/sdb][dsmode=net].  Up 23.58 seconds
